<?xml version="1.0" encoding="UTF-8"?>
<!-- Generated by org.testng.reporters.JUnitXMLReporter -->
<testsuite ignored="0" hostname="DESKTOP-DHC5JDD" failures="1" tests="4" name="Test" time="50.671" errors="0" timestamp="2026-01-31T09:24:13 IST">
  <testcase classname="FIBC_Call_.Function_test" name="loginPage" time="1.058"/>
  <testcase classname="FIBC_Call_.Function_test" name="FIBC" time="2.017"/>
  <testcase classname="FIBC_Call_.Function_test" name="masterModule" time="0.585"/>
  <testcase classname="FIBC_Call_.Function_test" name="work_AddArticle" time="26.23">
    <failure type="org.openqa.selenium.TimeoutException" message="Expected condition failed: waiting for utilities.Wait_Class$$Lambda$725/0x000002638b326ee8@3c0e00a8 (tried for 20 second(s) with 500 milliseconds interval)
Build info: version: &amp;apos;4.33.0&amp;apos;, revision: &amp;apos;2c6aaad03a&amp;apos;
System info: os.name: &amp;apos;Windows 10&amp;apos;, os.arch: &amp;apos;amd64&amp;apos;, os.version: &amp;apos;10.0&amp;apos;, java.version: &amp;apos;17.0.12&amp;apos;
Driver info: org.openqa.selenium.chrome.ChromeDriver
Capabilities {acceptInsecureCerts: false, browserName: chrome, browserVersion: 144.0.7559.110, chrome: {chromedriverVersion: 144.0.7559.109 (6a8d5e49388..., userDataDir: C:\Users\LENOVO\AppData\Loc...}, fedcm:accounts: true, goog:chromeOptions: {debuggerAddress: localhost:61322}, goog:processID: 9964, networkConnectionEnabled: false, pageLoadStrategy: normal, platformName: windows, proxy: Proxy(), se:cdp: ws://localhost:61322/devtoo..., se:cdpVersion: 144.0.7559.110, setWindowRect: true, strictFileInteractability: false, timeouts: {implicit: 0, pageLoad: 300000, script: 30000}, unhandledPromptBehavior: dismiss and notify, webauthn:extension:credBlob: true, webauthn:extension:largeBlob: true, webauthn:extension:minPinLength: true, webauthn:extension:prf: true, webauthn:virtualAuthenticators: true}
Session ID: 73db6217bf407ca091b3d23961d1eeb7">
      <![CDATA[org.openqa.selenium.TimeoutException: Expected condition failed: waiting for utilities.Wait_Class$$Lambda$725/0x000002638b326ee8@3c0e00a8 (tried for 20 second(s) with 500 milliseconds interval)
Build info: version: '4.33.0', revision: '2c6aaad03a'
System info: os.name: 'Windows 10', os.arch: 'amd64', os.version: '10.0', java.version: '17.0.12'
Driver info: org.openqa.selenium.chrome.ChromeDriver
Capabilities {acceptInsecureCerts: false, browserName: chrome, browserVersion: 144.0.7559.110, chrome: {chromedriverVersion: 144.0.7559.109 (6a8d5e49388..., userDataDir: C:\Users\LENOVO\AppData\Loc...}, fedcm:accounts: true, goog:chromeOptions: {debuggerAddress: localhost:61322}, goog:processID: 9964, networkConnectionEnabled: false, pageLoadStrategy: normal, platformName: windows, proxy: Proxy(), se:cdp: ws://localhost:61322/devtoo..., se:cdpVersion: 144.0.7559.110, setWindowRect: true, strictFileInteractability: false, timeouts: {implicit: 0, pageLoad: 300000, script: 30000}, unhandledPromptBehavior: dismiss and notify, webauthn:extension:credBlob: true, webauthn:extension:largeBlob: true, webauthn:extension:minPinLength: true, webauthn:extension:prf: true, webauthn:virtualAuthenticators: true}
Session ID: 73db6217bf407ca091b3d23961d1eeb7
at org.openqa.selenium.support.ui.WebDriverWait.timeoutException(WebDriverWait.java:84)
at org.openqa.selenium.support.ui.FluentWait.until(FluentWait.java:228)
at utilities.Wait_Class.waitForDropdownOptions(Wait_Class.java:35)
at Function_Adaptix_test.AddArticle_Form.lambda$2(AddArticle_Form.java:124)
at Function_Adaptix_test.AddArticle_Form.performActionWithHighlight(AddArticle_Form.java:67)
at Function_Adaptix_test.AddArticle_Form.selectArticleByIndex(AddArticle_Form.java:123)
at FIBC_Call_.Function_test.work_AddArticle(Function_test.java:46)
at java.base/java.util.ArrayList.forEach(ArrayList.java:1511)
... Removed 27 stack frames]]>
    </failure>
  </testcase> <!-- work_AddArticle -->
</testsuite> <!-- Test -->
