<?xml version="1.0" encoding="UTF-8"?>
<!-- Generated by org.testng.reporters.JUnitReportReporter -->
<testsuite hostname="DESKTOP-DHC5JDD" failures="0" tests="2" name="Function_Adaptix_test.staging_adaptix_Test" time="16.734" errors="0" timestamp="2025-06-19T16:56:01 IST" skipped="0">
  <testcase classname="Function_Adaptix_test.staging_adaptix_Test" name="testTestbox" time="3.113"/>
  <testcase classname="Function_Adaptix_test.staging_adaptix_Test" name="adminSetup" time="13.621"/>
</testsuite> <!-- Function_Adaptix_test.staging_adaptix_Test -->
